<?xml version="1.0" encoding="UTF-8"?>
<testng-results skipped="0" failed="3" ignored="0" total="4" passed="1">
  <reporter-output>
  </reporter-output>
  <suite name="Default suite" duration-ms="5500" started-at="2020-07-15T08:50:54Z" finished-at="2020-07-15T08:51:00Z">
    <groups>
    </groups>
    <test name="Default test" duration-ms="5500" started-at="2020-07-15T08:50:54Z" finished-at="2020-07-15T08:51:00Z">
      <class name="com.paytm_movie.MovieApi">
        <test-method status="PASS" signature="requestParameter(int, java.lang.String, java.lang.String, java.lang.String, java.lang.String)[pri:0, instance:com.paytm_movie.MovieApi@2f686d1f]" name="requestParameter" duration-ms="4096" started-at="2020-07-15T08:50:54Z" data-provider="TestApi" finished-at="2020-07-15T08:50:58Z">
          <params>
            <param index="0">
              <value>
                <![CDATA[200]]>
              </value>
            </param>
            <param index="1">
              <value>
                <![CDATA[2020-10-23]]>
              </value>
            </param>
            <param index="2">
              <value>
                <![CDATA[https://s3-ap-southeast-1.amazonaws.com/assets.paytm.com/images/cinema/KGF-2-App-poster-608x800-a-ca543ffb-3083-4a4f-834a-240085bf3483.jpg]]>
              </value>
            </param>
            <param index="3">
              <value>
                <![CDATA[O9UHTU]]>
              </value>
            </param>
            <param index="4">
              <value>
                <![CDATA[Kannada]]>
              </value>
            </param>
          </params>
          <reporter-output>
          </reporter-output>
        </test-method> <!-- requestParameter -->
        <test-method status="FAIL" signature="requestParameter(int, java.lang.String, java.lang.String, java.lang.String, java.lang.String)[pri:0, instance:com.paytm_movie.MovieApi@2f686d1f]" name="requestParameter" duration-ms="369" started-at="2020-07-15T08:50:58Z" data-provider="TestApi" finished-at="2020-07-15T08:50:59Z">
          <params>
            <param index="0">
              <value>
                <![CDATA[404]]>
              </value>
            </param>
            <param index="1">
              <value>
                <![CDATA[2020-07-03]]>
              </value>
            </param>
            <param index="2">
              <value>
                <![CDATA[https://s3-ap-southeast-1.amazonaws.com/assets.paytm.com/images/cinema/KGF-2-App-poster-608x800-a-ca543ffb-3083-4a4f-834a-240085bf3483.jpg]]>
              </value>
            </param>
            <param index="3">
              <value>
                <![CDATA[O9UHTU]]>
              </value>
            </param>
            <param index="4">
              <value>
                <![CDATA[English]]>
              </value>
            </param>
          </params>
          <exception class="java.lang.AssertionError">
            <message>
              <![CDATA[1 expectation failed.
JSON path upcomingMovieData.releaseDate doesn't match.
Expected: a collection containing "2020-07-03"
  Actual: [2020-10-23, 2021-04-02, 2020-08-14, 2020-11-06, 2020-11-25, 2020-07-24, 2020-07-30, 2020-07-31, 2020-07-31, 2020-09-11, 2020-09-18, 2020-10-02, 2020-10-02, 2020-10-02, 2020-10-23, 2020-11-13, 2020-12-11, 2020-12-25, 2021-01-01, 2021-01-22, 2021-02-05, 2021-04-02, 2021-07-16, 2021-12-24, null, null, null]
]]>
            </message>
            <full-stacktrace>
              <![CDATA[java.lang.AssertionError: 1 expectation failed.
JSON path upcomingMovieData.releaseDate doesn't match.
Expected: a collection containing "2020-07-03"
  Actual: [2020-10-23, 2021-04-02, 2020-08-14, 2020-11-06, 2020-11-25, 2020-07-24, 2020-07-30, 2020-07-31, 2020-07-31, 2020-09-11, 2020-09-18, 2020-10-02, 2020-10-02, 2020-10-02, 2020-10-23, 2020-11-13, 2020-12-11, 2020-12-25, 2021-01-01, 2021-01-22, 2021-02-05, 2021-04-02, 2021-07-16, 2021-12-24, null, null, null]

at sun.reflect.NativeConstructorAccessorImpl.newInstance0(Native Method)
at sun.reflect.NativeConstructorAccessorImpl.newInstance(NativeConstructorAccessorImpl.java:62)
at sun.reflect.DelegatingConstructorAccessorImpl.newInstance(DelegatingConstructorAccessorImpl.java:45)
at java.lang.reflect.Constructor.newInstance(Constructor.java:423)
at org.codehaus.groovy.reflection.CachedConstructor.invoke(CachedConstructor.java:72)
at org.codehaus.groovy.reflection.CachedConstructor.doConstructorInvoke(CachedConstructor.java:59)
at org.codehaus.groovy.runtime.callsite.ConstructorSite$ConstructorSiteNoUnwrap.callConstructor(ConstructorSite.java:84)
at org.codehaus.groovy.runtime.callsite.CallSiteArray.defaultCallConstructor(CallSiteArray.java:59)
at org.codehaus.groovy.runtime.callsite.AbstractCallSite.callConstructor(AbstractCallSite.java:263)
at org.codehaus.groovy.runtime.callsite.AbstractCallSite.callConstructor(AbstractCallSite.java:277)
at io.restassured.internal.ResponseSpecificationImpl$HamcrestAssertionClosure.validate(ResponseSpecificationImpl.groovy:493)
at io.restassured.internal.ResponseSpecificationImpl$HamcrestAssertionClosure$validate$1.call(Unknown Source)
at io.restassured.internal.ResponseSpecificationImpl.validateResponseIfRequired(ResponseSpecificationImpl.groovy:674)
at sun.reflect.NativeMethodAccessorImpl.invoke0(Native Method)
at sun.reflect.NativeMethodAccessorImpl.invoke(NativeMethodAccessorImpl.java:62)
at sun.reflect.DelegatingMethodAccessorImpl.invoke(DelegatingMethodAccessorImpl.java:43)
at java.lang.reflect.Method.invoke(Method.java:498)
at org.codehaus.groovy.runtime.callsite.PlainObjectMetaMethodSite.doInvoke(PlainObjectMetaMethodSite.java:43)
at org.codehaus.groovy.runtime.callsite.PogoMetaMethodSite$PogoCachedMethodSiteNoUnwrapNoCoerce.invoke(PogoMetaMethodSite.java:193)
at org.codehaus.groovy.runtime.callsite.PogoMetaMethodSite.callCurrent(PogoMetaMethodSite.java:61)
at org.codehaus.groovy.runtime.callsite.AbstractCallSite.callCurrent(AbstractCallSite.java:185)
at io.restassured.internal.ResponseSpecificationImpl.body(ResponseSpecificationImpl.groovy:261)
at io.restassured.specification.ResponseSpecification$body$0.callCurrent(Unknown Source)
at io.restassured.internal.ResponseSpecificationImpl.body(ResponseSpecificationImpl.groovy:108)
at io.restassured.internal.ValidatableResponseOptionsImpl.body(ValidatableResponseOptionsImpl.java:244)
at io.restassured.internal.ValidatableResponseImpl.super$2$body(ValidatableResponseImpl.groovy)
at sun.reflect.NativeMethodAccessorImpl.invoke0(Native Method)
at sun.reflect.NativeMethodAccessorImpl.invoke(NativeMethodAccessorImpl.java:62)
at sun.reflect.DelegatingMethodAccessorImpl.invoke(DelegatingMethodAccessorImpl.java:43)
at java.lang.reflect.Method.invoke(Method.java:498)
at org.codehaus.groovy.reflection.CachedMethod.invoke(CachedMethod.java:107)
at groovy.lang.MetaMethod.doMethodInvoke(MetaMethod.java:323)
at groovy.lang.MetaClassImpl.invokeMethod(MetaClassImpl.java:1262)
at org.codehaus.groovy.runtime.ScriptBytecodeAdapter.invokeMethodOnSuperN(ScriptBytecodeAdapter.java:144)
at io.restassured.internal.ValidatableResponseImpl.body(ValidatableResponseImpl.groovy:298)
at io.restassured.internal.ValidatableResponseImpl.body(ValidatableResponseImpl.groovy)
at com.paytm_movie.MovieApi.requestParameter(MovieApi.java:51)
at sun.reflect.NativeMethodAccessorImpl.invoke0(Native Method)
at sun.reflect.NativeMethodAccessorImpl.invoke(NativeMethodAccessorImpl.java:62)
at sun.reflect.DelegatingMethodAccessorImpl.invoke(DelegatingMethodAccessorImpl.java:43)
at java.lang.reflect.Method.invoke(Method.java:498)
at org.testng.internal.MethodInvocationHelper.invokeMethod(MethodInvocationHelper.java:124)
at org.testng.internal.Invoker.invokeMethod(Invoker.java:583)
at org.testng.internal.Invoker.invokeTestMethod(Invoker.java:719)
at org.testng.internal.Invoker.invokeTestMethods(Invoker.java:989)
at org.testng.internal.TestMethodWorker.invokeTestMethods(TestMethodWorker.java:125)
at org.testng.internal.TestMethodWorker.run(TestMethodWorker.java:109)
at org.testng.TestRunner.privateRun(TestRunner.java:648)
at org.testng.TestRunner.run(TestRunner.java:505)
at org.testng.SuiteRunner.runTest(SuiteRunner.java:455)
at org.testng.SuiteRunner.runSequentially(SuiteRunner.java:450)
at org.testng.SuiteRunner.privateRun(SuiteRunner.java:415)
at org.testng.SuiteRunner.run(SuiteRunner.java:364)
at org.testng.SuiteRunnerWorker.runSuite(SuiteRunnerWorker.java:52)
at org.testng.SuiteRunnerWorker.run(SuiteRunnerWorker.java:84)
at org.testng.TestNG.runSuitesSequentially(TestNG.java:1208)
at org.testng.TestNG.runSuitesLocally(TestNG.java:1137)
at org.testng.TestNG.runSuites(TestNG.java:1049)
at org.testng.TestNG.run(TestNG.java:1017)
at org.testng.remote.AbstractRemoteTestNG.run(AbstractRemoteTestNG.java:114)
at org.testng.remote.RemoteTestNG.initAndRun(RemoteTestNG.java:251)
at org.testng.remote.RemoteTestNG.main(RemoteTestNG.java:77)
]]>
            </full-stacktrace>
          </exception> <!-- java.lang.AssertionError -->
          <reporter-output>
          </reporter-output>
        </test-method> <!-- requestParameter -->
        <test-method status="FAIL" signature="requestParameter(int, java.lang.String, java.lang.String, java.lang.String, java.lang.String)[pri:0, instance:com.paytm_movie.MovieApi@2f686d1f]" name="requestParameter" duration-ms="457" started-at="2020-07-15T08:50:59Z" data-provider="TestApi" finished-at="2020-07-15T08:50:59Z">
          <params>
            <param index="0">
              <value>
                <![CDATA[404]]>
              </value>
            </param>
            <param index="1">
              <value>
                <![CDATA[2020-11-06]]>
              </value>
            </param>
            <param index="2">
              <value>
                <![CDATA[https://s3-ap-southeast-1.amazonaws.com/assets.paytm.com/images/cinema/Black-Widow-App-poster-608x800-a7230289-a19e-4581-8f81-5ea3373fbc3f.pdf]]>
              </value>
            </param>
            <param index="3">
              <value>
                <![CDATA[O9TUKD]]>
              </value>
            </param>
            <param index="4">
              <value>
                <![CDATA[English]]>
              </value>
            </param>
          </params>
          <exception class="java.lang.AssertionError">
            <message>
              <![CDATA[1 expectation failed.
JSON path upcomingMovieData.moviePosterUrl doesn't match.
Expected: a collection containing "https://s3-ap-southeast-1.amazonaws.com/assets.paytm.com/images/cinema/Black-Widow-App-poster-608x800-a7230289-a19e-4581-8f81-5ea3373fbc3f.pdf"
  Actual: [https://s3-ap-southeast-1.amazonaws.com/assets.paytm.com/images/cinema/KGF-2-App-poster-608x800-a-ca543ffb-3083-4a4f-834a-240085bf3483.jpg, https://s3-ap-southeast-1.amazonaws.com/assets.paytm.com/images/cinema/F9-608x800-App-poster-608x800-26772546-9ef8-416e-b485-0a2bcdc44efd.jpg, https://s3-ap-southeast-1.amazonaws.com/assets.paytm.com/images/cinema/ww_app-poster_608x800-179a2f35-3043-4f47-b8fc-ca1160dcefe4.jpg, https://s3-ap-southeast-1.amazonaws.com/assets.paytm.com/images/cinema/Black-Widow-App-poster-608x800-a7230289-a19e-4581-8f81-5ea3373fbc3f.jpg, https://s3-ap-southeast-1.amazonaws.com/assets.paytm.com/images/cinema/No-Time-To-Die-English-App-poster-608x800-eb081ead-e27e-4db1-83be-b6b4a7c2ce68.jpg, https://s3-ap-southeast-1.amazonaws.com/assets.paytm.com/images/cinema/Jungle-Cruise-App-poster-608x800-App-poster-608x800-a-1b7a218d-1de6-48a5-ac4d-c9595542b7ce.jpg, https://s3-ap-southeast-1.amazonaws.com/assets.paytm.com/images/cinema/Shamshera-Hindi-App-Poster-New--8393c67c-469f-4d00-a001-89291f0b41ec.jpg, https://s3-ap-southeast-1.amazonaws.com/assets.paytm.com/images/cinema/Bhool-Bhulaiyaa-2-e61e50fc-f7bd-48aa-8391-655934d2aa07.jpg, https://s3-ap-southeast-1.amazonaws.com/assets.paytm.com/images/cinema/morbius_APP-608x800-2-App-poster-608x800-ec4fdba9-c52b-4268-9190-9581e9c3596a.jpg, https://s3-ap-southeast-1.amazonaws.com/assets.paytm.com/images/cinema/Gangubai-Kathiawadi-App-poster-608x800-a-239d631b-313e-425c-9da6-e010dea78cd5.jpg, https://s3-ap-southeast-1.amazonaws.com/assets.paytm.com/images/cinema/Haseen-Dilruba-App-poster-608x800-45da15dc-2b15-4912-966b-d017568bf09e.jpg, https://s3-ap-southeast-1.amazonaws.com/assets.paytm.com/images/cinema/Rambo-App-poster-608x800-a-09ed2546-85b0-44fa-b91a-654277d90ded.jpg, https://s3-ap-southeast-1.amazonaws.com/assets.paytm.com/images/cinema/Toofan--APP-608x800-3e0505ac-ec0d-4d39-a876-979abd5a0147-de2733d4-d4ec-491f-a908-c51be8fe5c1d.jpg, https://s3-ap-southeast-1.amazonaws.com/assets.paytm.com/images/cinema/satyameva-jayate2_app-poster_608x800-58e0433d-c045-4cd9-a08a-62bd527ab782.jpg, https://s3-ap-southeast-1.amazonaws.com/assets.paytm.com/images/cinema/big-bull_app-poster_608x800-0c4e53ae-4762-40bb-bdc9-f8df2bc0717a.jpg, https://s3-ap-southeast-1.amazonaws.com/assets.paytm.com/images/cinema/Prithviraj--APP-608x800-62b8e4c9-011a-47a8-a472-a234c7a4c116.jpg, https://s3-ap-southeast-1.amazonaws.com/assets.paytm.com/images/cinema/ne-wmaidaan_app-poster_608x800-66f26f27-93f8-404c-a2ca-ab69caa71bfb.jpg, https://s3-ap-southeast-1.amazonaws.com/assets.paytm.com/images/cinema/Laal-Singh-Chaddha-App-poster-608x800-9be4333f-515d-476d-b4fd-7dcc193e8d7b.jpg, https://s3-ap-southeast-1.amazonaws.com/assets.paytm.com/images/cinema/Mr.-Lele-App-poster-608x800-1283de6e-be97-4838-a726-c5ebb63604f8.jpg, https://s3-ap-southeast-1.amazonaws.com/assets.paytm.com/images/cinema/Bachchan-Pandey-APP-608x800-c70c57c1-49bc-4e73-8ad1-8569d71e86d2.jpg, https://s3-ap-southeast-1.amazonaws.com/assets.paytm.com/images/cinema/Shabaash-Mithu-App-poster-608x800-6a4c91ba-287d-4dda-b5be-ff606083c1ba.jpg, https://s3-ap-southeast-1.amazonaws.com/assets.paytm.com/images/cinema/Bell-Bottom-37e8fe5b-5168-4365-a849-7a314a6ed21c.jpg, https://s3-ap-southeast-1.amazonaws.com/assets.paytm.com/images/cinema/Heropanti2-tagApp-poster-608x800-e151a3f0-d9e6-4a4a-94b8-d2bdbe4f1b96.jpg, https://s3-ap-southeast-1.amazonaws.com/assets.paytm.com/images/cinema/Takht-App-poster-608x800-245910df-ed89-4323-9d6c-69cfae5a6878.jpg, https://s3-ap-southeast-1.amazonaws.com/assets.paytm.com/images/cinema/black-adam-App-poster-608x800-af8faa75-a107-4d62-9313-04f1b5fab095.jpg, https://s3-ap-southeast-1.amazonaws.com/assets.paytm.com/images/cinema/web-cover-02d47a10-c25a-41dc-ac52-72a71d05ed87-58700f63-f0b1-4f63-86d7-9ee69155e1dc.jpg, https://s3-ap-southeast-1.amazonaws.com/assets.paytm.com/images/cinema/web-cover-02d47a10-c25a-41dc-ac52-72a71d05ed87-58700f63-f0b1-4f63-86d7-9ee69155e1dc.jpg]
]]>
            </message>
            <full-stacktrace>
              <![CDATA[java.lang.AssertionError: 1 expectation failed.
JSON path upcomingMovieData.moviePosterUrl doesn't match.
Expected: a collection containing "https://s3-ap-southeast-1.amazonaws.com/assets.paytm.com/images/cinema/Black-Widow-App-poster-608x800-a7230289-a19e-4581-8f81-5ea3373fbc3f.pdf"
  Actual: [https://s3-ap-southeast-1.amazonaws.com/assets.paytm.com/images/cinema/KGF-2-App-poster-608x800-a-ca543ffb-3083-4a4f-834a-240085bf3483.jpg, https://s3-ap-southeast-1.amazonaws.com/assets.paytm.com/images/cinema/F9-608x800-App-poster-608x800-26772546-9ef8-416e-b485-0a2bcdc44efd.jpg, https://s3-ap-southeast-1.amazonaws.com/assets.paytm.com/images/cinema/ww_app-poster_608x800-179a2f35-3043-4f47-b8fc-ca1160dcefe4.jpg, https://s3-ap-southeast-1.amazonaws.com/assets.paytm.com/images/cinema/Black-Widow-App-poster-608x800-a7230289-a19e-4581-8f81-5ea3373fbc3f.jpg, https://s3-ap-southeast-1.amazonaws.com/assets.paytm.com/images/cinema/No-Time-To-Die-English-App-poster-608x800-eb081ead-e27e-4db1-83be-b6b4a7c2ce68.jpg, https://s3-ap-southeast-1.amazonaws.com/assets.paytm.com/images/cinema/Jungle-Cruise-App-poster-608x800-App-poster-608x800-a-1b7a218d-1de6-48a5-ac4d-c9595542b7ce.jpg, https://s3-ap-southeast-1.amazonaws.com/assets.paytm.com/images/cinema/Shamshera-Hindi-App-Poster-New--8393c67c-469f-4d00-a001-89291f0b41ec.jpg, https://s3-ap-southeast-1.amazonaws.com/assets.paytm.com/images/cinema/Bhool-Bhulaiyaa-2-e61e50fc-f7bd-48aa-8391-655934d2aa07.jpg, https://s3-ap-southeast-1.amazonaws.com/assets.paytm.com/images/cinema/morbius_APP-608x800-2-App-poster-608x800-ec4fdba9-c52b-4268-9190-9581e9c3596a.jpg, https://s3-ap-southeast-1.amazonaws.com/assets.paytm.com/images/cinema/Gangubai-Kathiawadi-App-poster-608x800-a-239d631b-313e-425c-9da6-e010dea78cd5.jpg, https://s3-ap-southeast-1.amazonaws.com/assets.paytm.com/images/cinema/Haseen-Dilruba-App-poster-608x800-45da15dc-2b15-4912-966b-d017568bf09e.jpg, https://s3-ap-southeast-1.amazonaws.com/assets.paytm.com/images/cinema/Rambo-App-poster-608x800-a-09ed2546-85b0-44fa-b91a-654277d90ded.jpg, https://s3-ap-southeast-1.amazonaws.com/assets.paytm.com/images/cinema/Toofan--APP-608x800-3e0505ac-ec0d-4d39-a876-979abd5a0147-de2733d4-d4ec-491f-a908-c51be8fe5c1d.jpg, https://s3-ap-southeast-1.amazonaws.com/assets.paytm.com/images/cinema/satyameva-jayate2_app-poster_608x800-58e0433d-c045-4cd9-a08a-62bd527ab782.jpg, https://s3-ap-southeast-1.amazonaws.com/assets.paytm.com/images/cinema/big-bull_app-poster_608x800-0c4e53ae-4762-40bb-bdc9-f8df2bc0717a.jpg, https://s3-ap-southeast-1.amazonaws.com/assets.paytm.com/images/cinema/Prithviraj--APP-608x800-62b8e4c9-011a-47a8-a472-a234c7a4c116.jpg, https://s3-ap-southeast-1.amazonaws.com/assets.paytm.com/images/cinema/ne-wmaidaan_app-poster_608x800-66f26f27-93f8-404c-a2ca-ab69caa71bfb.jpg, https://s3-ap-southeast-1.amazonaws.com/assets.paytm.com/images/cinema/Laal-Singh-Chaddha-App-poster-608x800-9be4333f-515d-476d-b4fd-7dcc193e8d7b.jpg, https://s3-ap-southeast-1.amazonaws.com/assets.paytm.com/images/cinema/Mr.-Lele-App-poster-608x800-1283de6e-be97-4838-a726-c5ebb63604f8.jpg, https://s3-ap-southeast-1.amazonaws.com/assets.paytm.com/images/cinema/Bachchan-Pandey-APP-608x800-c70c57c1-49bc-4e73-8ad1-8569d71e86d2.jpg, https://s3-ap-southeast-1.amazonaws.com/assets.paytm.com/images/cinema/Shabaash-Mithu-App-poster-608x800-6a4c91ba-287d-4dda-b5be-ff606083c1ba.jpg, https://s3-ap-southeast-1.amazonaws.com/assets.paytm.com/images/cinema/Bell-Bottom-37e8fe5b-5168-4365-a849-7a314a6ed21c.jpg, https://s3-ap-southeast-1.amazonaws.com/assets.paytm.com/images/cinema/Heropanti2-tagApp-poster-608x800-e151a3f0-d9e6-4a4a-94b8-d2bdbe4f1b96.jpg, https://s3-ap-southeast-1.amazonaws.com/assets.paytm.com/images/cinema/Takht-App-poster-608x800-245910df-ed89-4323-9d6c-69cfae5a6878.jpg, https://s3-ap-southeast-1.amazonaws.com/assets.paytm.com/images/cinema/black-adam-App-poster-608x800-af8faa75-a107-4d62-9313-04f1b5fab095.jpg, https://s3-ap-southeast-1.amazonaws.com/assets.paytm.com/images/cinema/web-cover-02d47a10-c25a-41dc-ac52-72a71d05ed87-58700f63-f0b1-4f63-86d7-9ee69155e1dc.jpg, https://s3-ap-southeast-1.amazonaws.com/assets.paytm.com/images/cinema/web-cover-02d47a10-c25a-41dc-ac52-72a71d05ed87-58700f63-f0b1-4f63-86d7-9ee69155e1dc.jpg]

at sun.reflect.NativeConstructorAccessorImpl.newInstance0(Native Method)
at sun.reflect.NativeConstructorAccessorImpl.newInstance(NativeConstructorAccessorImpl.java:62)
at sun.reflect.DelegatingConstructorAccessorImpl.newInstance(DelegatingConstructorAccessorImpl.java:45)
at java.lang.reflect.Constructor.newInstance(Constructor.java:423)
at org.codehaus.groovy.reflection.CachedConstructor.invoke(CachedConstructor.java:72)
at org.codehaus.groovy.reflection.CachedConstructor.doConstructorInvoke(CachedConstructor.java:59)
at org.codehaus.groovy.runtime.callsite.ConstructorSite$ConstructorSiteNoUnwrap.callConstructor(ConstructorSite.java:84)
at org.codehaus.groovy.runtime.callsite.AbstractCallSite.callConstructor(AbstractCallSite.java:277)
at io.restassured.internal.ResponseSpecificationImpl$HamcrestAssertionClosure.validate(ResponseSpecificationImpl.groovy:493)
at io.restassured.internal.ResponseSpecificationImpl$HamcrestAssertionClosure$validate$1.call(Unknown Source)
at io.restassured.internal.ResponseSpecificationImpl.validateResponseIfRequired(ResponseSpecificationImpl.groovy:674)
at sun.reflect.NativeMethodAccessorImpl.invoke0(Native Method)
at sun.reflect.NativeMethodAccessorImpl.invoke(NativeMethodAccessorImpl.java:62)
at sun.reflect.DelegatingMethodAccessorImpl.invoke(DelegatingMethodAccessorImpl.java:43)
at java.lang.reflect.Method.invoke(Method.java:498)
at org.codehaus.groovy.runtime.callsite.PlainObjectMetaMethodSite.doInvoke(PlainObjectMetaMethodSite.java:43)
at org.codehaus.groovy.runtime.callsite.PogoMetaMethodSite$PogoCachedMethodSiteNoUnwrapNoCoerce.invoke(PogoMetaMethodSite.java:193)
at org.codehaus.groovy.runtime.callsite.PogoMetaMethodSite.callCurrent(PogoMetaMethodSite.java:61)
at org.codehaus.groovy.runtime.callsite.AbstractCallSite.callCurrent(AbstractCallSite.java:185)
at io.restassured.internal.ResponseSpecificationImpl.body(ResponseSpecificationImpl.groovy:261)
at io.restassured.specification.ResponseSpecification$body$0.callCurrent(Unknown Source)
at io.restassured.internal.ResponseSpecificationImpl.body(ResponseSpecificationImpl.groovy:108)
at io.restassured.internal.ValidatableResponseOptionsImpl.body(ValidatableResponseOptionsImpl.java:244)
at io.restassured.internal.ValidatableResponseImpl.super$2$body(ValidatableResponseImpl.groovy)
at sun.reflect.NativeMethodAccessorImpl.invoke0(Native Method)
at sun.reflect.NativeMethodAccessorImpl.invoke(NativeMethodAccessorImpl.java:62)
at sun.reflect.DelegatingMethodAccessorImpl.invoke(DelegatingMethodAccessorImpl.java:43)
at java.lang.reflect.Method.invoke(Method.java:498)
at org.codehaus.groovy.reflection.CachedMethod.invoke(CachedMethod.java:107)
at groovy.lang.MetaMethod.doMethodInvoke(MetaMethod.java:323)
at groovy.lang.MetaClassImpl.invokeMethod(MetaClassImpl.java:1262)
at org.codehaus.groovy.runtime.ScriptBytecodeAdapter.invokeMethodOnSuperN(ScriptBytecodeAdapter.java:144)
at io.restassured.internal.ValidatableResponseImpl.body(ValidatableResponseImpl.groovy:298)
at io.restassured.internal.ValidatableResponseImpl.body(ValidatableResponseImpl.groovy)
at com.paytm_movie.MovieApi.requestParameter(MovieApi.java:51)
at sun.reflect.NativeMethodAccessorImpl.invoke0(Native Method)
at sun.reflect.NativeMethodAccessorImpl.invoke(NativeMethodAccessorImpl.java:62)
at sun.reflect.DelegatingMethodAccessorImpl.invoke(DelegatingMethodAccessorImpl.java:43)
at java.lang.reflect.Method.invoke(Method.java:498)
at org.testng.internal.MethodInvocationHelper.invokeMethod(MethodInvocationHelper.java:124)
at org.testng.internal.Invoker.invokeMethod(Invoker.java:583)
at org.testng.internal.Invoker.invokeTestMethod(Invoker.java:719)
at org.testng.internal.Invoker.invokeTestMethods(Invoker.java:989)
at org.testng.internal.TestMethodWorker.invokeTestMethods(TestMethodWorker.java:125)
at org.testng.internal.TestMethodWorker.run(TestMethodWorker.java:109)
at org.testng.TestRunner.privateRun(TestRunner.java:648)
at org.testng.TestRunner.run(TestRunner.java:505)
at org.testng.SuiteRunner.runTest(SuiteRunner.java:455)
at org.testng.SuiteRunner.runSequentially(SuiteRunner.java:450)
at org.testng.SuiteRunner.privateRun(SuiteRunner.java:415)
at org.testng.SuiteRunner.run(SuiteRunner.java:364)
at org.testng.SuiteRunnerWorker.runSuite(SuiteRunnerWorker.java:52)
at org.testng.SuiteRunnerWorker.run(SuiteRunnerWorker.java:84)
at org.testng.TestNG.runSuitesSequentially(TestNG.java:1208)
at org.testng.TestNG.runSuitesLocally(TestNG.java:1137)
at org.testng.TestNG.runSuites(TestNG.java:1049)
at org.testng.TestNG.run(TestNG.java:1017)
at org.testng.remote.AbstractRemoteTestNG.run(AbstractRemoteTestNG.java:114)
at org.testng.remote.RemoteTestNG.initAndRun(RemoteTestNG.java:251)
at org.testng.remote.RemoteTestNG.main(RemoteTestNG.java:77)
]]>
            </full-stacktrace>
          </exception> <!-- java.lang.AssertionError -->
          <reporter-output>
          </reporter-output>
        </test-method> <!-- requestParameter -->
        <test-method status="FAIL" signature="requestParameter(int, java.lang.String, java.lang.String, java.lang.String, java.lang.String)[pri:0, instance:com.paytm_movie.MovieApi@2f686d1f]" name="requestParameter" duration-ms="483" started-at="2020-07-15T08:50:59Z" data-provider="TestApi" finished-at="2020-07-15T08:51:00Z">
          <params>
            <param index="0">
              <value>
                <![CDATA[200]]>
              </value>
            </param>
            <param index="1">
              <value>
                <![CDATA[2020-07-17]]>
              </value>
            </param>
            <param index="2">
              <value>
                <![CDATA[https://s3-ap-southeast-1.amazonaws.com/assets.paytm.com/images/cinema/_Tenet-608x800-a51c65b2-db40-496e-8eb4-dff438f114b6.jpg]]>
              </value>
            </param>
            <param index="3">
              <value>
                <![CDATA[O9UC5X]]>
              </value>
            </param>
            <param index="4">
              <value>
                <![CDATA[English]]>
              </value>
            </param>
          </params>
          <exception class="java.lang.AssertionError">
            <message>
              <![CDATA[1 expectation failed.
JSON path upcomingMovieData.releaseDate doesn't match.
Expected: a collection containing "2020-07-17"
  Actual: [2020-10-23, 2021-04-02, 2020-08-14, 2020-11-06, 2020-11-25, 2020-07-24, 2020-07-30, 2020-07-31, 2020-07-31, 2020-09-11, 2020-09-18, 2020-10-02, 2020-10-02, 2020-10-02, 2020-10-23, 2020-11-13, 2020-12-11, 2020-12-25, 2021-01-01, 2021-01-22, 2021-02-05, 2021-04-02, 2021-07-16, 2021-12-24, null, null, null]
]]>
            </message>
            <full-stacktrace>
              <![CDATA[java.lang.AssertionError: 1 expectation failed.
JSON path upcomingMovieData.releaseDate doesn't match.
Expected: a collection containing "2020-07-17"
  Actual: [2020-10-23, 2021-04-02, 2020-08-14, 2020-11-06, 2020-11-25, 2020-07-24, 2020-07-30, 2020-07-31, 2020-07-31, 2020-09-11, 2020-09-18, 2020-10-02, 2020-10-02, 2020-10-02, 2020-10-23, 2020-11-13, 2020-12-11, 2020-12-25, 2021-01-01, 2021-01-22, 2021-02-05, 2021-04-02, 2021-07-16, 2021-12-24, null, null, null]

at sun.reflect.NativeConstructorAccessorImpl.newInstance0(Native Method)
at sun.reflect.NativeConstructorAccessorImpl.newInstance(NativeConstructorAccessorImpl.java:62)
at sun.reflect.DelegatingConstructorAccessorImpl.newInstance(DelegatingConstructorAccessorImpl.java:45)
at java.lang.reflect.Constructor.newInstance(Constructor.java:423)
at org.codehaus.groovy.reflection.CachedConstructor.invoke(CachedConstructor.java:72)
at org.codehaus.groovy.reflection.CachedConstructor.doConstructorInvoke(CachedConstructor.java:59)
at org.codehaus.groovy.runtime.callsite.ConstructorSite$ConstructorSiteNoUnwrap.callConstructor(ConstructorSite.java:84)
at org.codehaus.groovy.runtime.callsite.AbstractCallSite.callConstructor(AbstractCallSite.java:277)
at io.restassured.internal.ResponseSpecificationImpl$HamcrestAssertionClosure.validate(ResponseSpecificationImpl.groovy:493)
at io.restassured.internal.ResponseSpecificationImpl$HamcrestAssertionClosure$validate$1.call(Unknown Source)
at io.restassured.internal.ResponseSpecificationImpl.validateResponseIfRequired(ResponseSpecificationImpl.groovy:674)
at sun.reflect.NativeMethodAccessorImpl.invoke0(Native Method)
at sun.reflect.NativeMethodAccessorImpl.invoke(NativeMethodAccessorImpl.java:62)
at sun.reflect.DelegatingMethodAccessorImpl.invoke(DelegatingMethodAccessorImpl.java:43)
at java.lang.reflect.Method.invoke(Method.java:498)
at org.codehaus.groovy.runtime.callsite.PlainObjectMetaMethodSite.doInvoke(PlainObjectMetaMethodSite.java:43)
at org.codehaus.groovy.runtime.callsite.PogoMetaMethodSite$PogoCachedMethodSiteNoUnwrapNoCoerce.invoke(PogoMetaMethodSite.java:193)
at org.codehaus.groovy.runtime.callsite.PogoMetaMethodSite.callCurrent(PogoMetaMethodSite.java:61)
at org.codehaus.groovy.runtime.callsite.AbstractCallSite.callCurrent(AbstractCallSite.java:185)
at io.restassured.internal.ResponseSpecificationImpl.body(ResponseSpecificationImpl.groovy:261)
at io.restassured.specification.ResponseSpecification$body$0.callCurrent(Unknown Source)
at io.restassured.internal.ResponseSpecificationImpl.body(ResponseSpecificationImpl.groovy:108)
at io.restassured.internal.ValidatableResponseOptionsImpl.body(ValidatableResponseOptionsImpl.java:244)
at io.restassured.internal.ValidatableResponseImpl.super$2$body(ValidatableResponseImpl.groovy)
at sun.reflect.NativeMethodAccessorImpl.invoke0(Native Method)
at sun.reflect.NativeMethodAccessorImpl.invoke(NativeMethodAccessorImpl.java:62)
at sun.reflect.DelegatingMethodAccessorImpl.invoke(DelegatingMethodAccessorImpl.java:43)
at java.lang.reflect.Method.invoke(Method.java:498)
at org.codehaus.groovy.reflection.CachedMethod.invoke(CachedMethod.java:107)
at groovy.lang.MetaMethod.doMethodInvoke(MetaMethod.java:323)
at groovy.lang.MetaClassImpl.invokeMethod(MetaClassImpl.java:1262)
at org.codehaus.groovy.runtime.ScriptBytecodeAdapter.invokeMethodOnSuperN(ScriptBytecodeAdapter.java:144)
at io.restassured.internal.ValidatableResponseImpl.body(ValidatableResponseImpl.groovy:298)
at io.restassured.internal.ValidatableResponseImpl.body(ValidatableResponseImpl.groovy)
at com.paytm_movie.MovieApi.requestParameter(MovieApi.java:51)
at sun.reflect.NativeMethodAccessorImpl.invoke0(Native Method)
at sun.reflect.NativeMethodAccessorImpl.invoke(NativeMethodAccessorImpl.java:62)
at sun.reflect.DelegatingMethodAccessorImpl.invoke(DelegatingMethodAccessorImpl.java:43)
at java.lang.reflect.Method.invoke(Method.java:498)
at org.testng.internal.MethodInvocationHelper.invokeMethod(MethodInvocationHelper.java:124)
at org.testng.internal.Invoker.invokeMethod(Invoker.java:583)
at org.testng.internal.Invoker.invokeTestMethod(Invoker.java:719)
at org.testng.internal.Invoker.invokeTestMethods(Invoker.java:989)
at org.testng.internal.TestMethodWorker.invokeTestMethods(TestMethodWorker.java:125)
at org.testng.internal.TestMethodWorker.run(TestMethodWorker.java:109)
at org.testng.TestRunner.privateRun(TestRunner.java:648)
at org.testng.TestRunner.run(TestRunner.java:505)
at org.testng.SuiteRunner.runTest(SuiteRunner.java:455)
at org.testng.SuiteRunner.runSequentially(SuiteRunner.java:450)
at org.testng.SuiteRunner.privateRun(SuiteRunner.java:415)
at org.testng.SuiteRunner.run(SuiteRunner.java:364)
at org.testng.SuiteRunnerWorker.runSuite(SuiteRunnerWorker.java:52)
at org.testng.SuiteRunnerWorker.run(SuiteRunnerWorker.java:84)
at org.testng.TestNG.runSuitesSequentially(TestNG.java:1208)
at org.testng.TestNG.runSuitesLocally(TestNG.java:1137)
at org.testng.TestNG.runSuites(TestNG.java:1049)
at org.testng.TestNG.run(TestNG.java:1017)
at org.testng.remote.AbstractRemoteTestNG.run(AbstractRemoteTestNG.java:114)
at org.testng.remote.RemoteTestNG.initAndRun(RemoteTestNG.java:251)
at org.testng.remote.RemoteTestNG.main(RemoteTestNG.java:77)
]]>
            </full-stacktrace>
          </exception> <!-- java.lang.AssertionError -->
          <reporter-output>
          </reporter-output>
        </test-method> <!-- requestParameter -->
      </class> <!-- com.paytm_movie.MovieApi -->
    </test> <!-- Default test -->
  </suite> <!-- Default suite -->
</testng-results>
